<?xml version="1.0" encoding="UTF-8"?>
<testsuite xmlns:xsi="http://www.w3.org/2001/XMLSchema-instance" xsi:schemaLocation="https://maven.apache.org/surefire/maven-surefire-plugin/xsd/surefire-test-report.xsd" name="org.antlr.v4.test.runtime.TestLexerExec" time="1.551" tests="39" errors="0" skipped="0" failures="0">
  <properties>
[...]
</properties>
  <testcase name="testUnicodeCharSet" classname="org.antlr.v4.test.runtime.TestLexerExec" time="0.022"/>
  <testcase name="testGreedyClosure" classname="org.antlr.v4.test.runtime.TestLexerExec" time="0.016"/>
  <testcase name="testNonGreedyPositiveClosure" classname="org.antlr.v4.test.runtime.TestLexerExec" time="0.012"/>
  <testcase name="testGreedyConfigs" classname="org.antlr.v4.test.runtime.TestLexerExec" time="0.012"/>
  <testcase name="testCharSetInSet" classname="org.antlr.v4.test.runtime.TestLexerExec" time="0.011"/>
  <testcase name="testCharSetRange" classname="org.antlr.v4.test.runtime.TestLexerExec" time="0.011"/>
  <testcase name="testRefToRuleDoesNotSetTokenNorEmitAnother" classname="org.antlr.v4.test.runtime.TestLexerExec" time="0.01"/>
  <testcase name="testRecursiveLexerRuleRefWithWildcardPlus_1" classname="org.antlr.v4.test.runtime.TestLexerExec" time="0.012"/>
  <testcase name="testRecursiveLexerRuleRefWithWildcardPlus_2" classname="org.antlr.v4.test.runtime.TestLexerExec" time="0.01"/>
  <testcase name="testRecursiveLexerRuleRefWithWildcardStar_1" classname="org.antlr.v4.test.runtime.TestLexerExec" time="0.011"/>
  <testcase name="testRecursiveLexerRuleRefWithWildcardStar_2" classname="org.antlr.v4.test.runtime.TestLexerExec" time="0.01"/>
  <testcase name="testNonGreedyOptional" classname="org.antlr.v4.test.runtime.TestLexerExec" time="0.01"/>
  <testcase name="testCharSetWithQuote1" classname="org.antlr.v4.test.runtime.TestLexerExec" time="0.011"/>
  <testcase name="testCharSetWithQuote2" classname="org.antlr.v4.test.runtime.TestLexerExec" time="0.01"/>
  <testcase name="testEOFByItself" classname="org.antlr.v4.test.runtime.TestLexerExec" time="0.012"/>
  <testcase name="testKeywordID" classname="org.antlr.v4.test.runtime.TestLexerExec" time="0.011"/>
  <testcase name="testCharSetPlus" classname="org.antlr.v4.test.runtime.TestLexerExec" time="0.01"/>
  <testcase name="testGreedyPositiveClosure" classname="org.antlr.v4.test.runtime.TestLexerExec" time="0.01"/>
  <testcase name="testActionPlacement" classname="org.antlr.v4.test.runtime.TestLexerExec" time="0.01"/>
  <testcase name="testNonGreedyClosure" classname="org.antlr.v4.test.runtime.TestLexerExec" time="0.01"/>
  <testcase name="testPositionAdjustingLexer" classname="org.antlr.v4.test.runtime.TestLexerExec" time="0.013"/>
  <testcase name="testNonGreedyConfigs" classname="org.antlr.v4.test.runtime.TestLexerExec" time="0.01"/>
  <testcase name="testEOFSuffixInFirstRule_1" classname="org.antlr.v4.test.runtime.TestLexerExec" time="0.01"/>
  <testcase name="testEOFSuffixInFirstRule_2" classname="org.antlr.v4.test.runtime.TestLexerExec" time="0.01"/>
  <testcase name="testCharSetNot" classname="org.antlr.v4.test.runtime.TestLexerExec" time="0.01"/>
  <testcase name="testCharSetWithEscapedChar" classname="org.antlr.v4.test.runtime.TestLexerExec" time="0.01"/>
  <testcase name="testGreedyOptional" classname="org.antlr.v4.test.runtime.TestLexerExec" time="0.01"/>
  <testcase name="testCharSet" classname="org.antlr.v4.test.runtime.TestLexerExec" time="0.01"/>
  <testcase name="testParentheses" classname="org.antlr.v4.test.runtime.TestLexerExec" time="0.011"/>
  <testcase name="testCharSetWithMissingEndRange" classname="org.antlr.v4.test.runtime.TestLexerExec" time="0.011"/>
  <testcase name="testHexVsID" classname="org.antlr.v4.test.runtime.TestLexerExec" time="0.011"/>
  <testcase name="testCharSetWithMissingEscapeChar" classname="org.antlr.v4.test.runtime.TestLexerExec" time="0.01"/>
  <testcase name="testZeroLengthToken" classname="org.antlr.v4.test.runtime.TestLexerExec" time="0.012"/>
  <testcase name="testNonGreedyTermination1" classname="org.antlr.v4.test.runtime.TestLexerExec" time="0.012"/>
  <testcase name="testNonGreedyTermination2" classname="org.antlr.v4.test.runtime.TestLexerExec" time="0.018"/>
  <testcase name="testLargeLexer" classname="org.antlr.v4.test.runtime.TestLexerExec" time="1.09"/>
  <testcase name="testQuoteTranslation" classname="org.antlr.v4.test.runtime.TestLexerExec" time="0.02"/>
  <testcase name="testEscapeTargetStringLiteral" classname="org.antlr.v4.test.runtime.TestLexerExec" time="0.017"/>
  <testcase name="testSlashes" classname="org.antlr.v4.test.runtime.TestLexerExec" time="0.021"/>
</testsuite>