<?xml version="1.0" encoding="UTF-8"?>
<testsuite xmlns:xsi="http://www.w3.org/2001/XMLSchema-instance" xsi:schemaLocation="https://maven.apache.org/surefire/maven-surefire-plugin/xsd/surefire-test-report.xsd" name="org.antlr.v4.test.runtime.TestFullContextParsing" time="0.586" tests="25" errors="0" skipped="0" failures="0">
  <properties>
[...]
</properties>
  <testcase name="testFullContextIF_THEN_ELSEParse_WithoutDFA_1" classname="org.antlr.v4.test.runtime.TestFullContextParsing" time="0.037"/>
  <testcase name="testFullContextIF_THEN_ELSEParse_WithoutDFA_2" classname="org.antlr.v4.test.runtime.TestFullContextParsing" time="0.028"/>
  <testcase name="testFullContextIF_THEN_ELSEParse_WithoutDFA_3" classname="org.antlr.v4.test.runtime.TestFullContextParsing" time="0.025"/>
  <testcase name="testFullContextIF_THEN_ELSEParse_WithoutDFA_4" classname="org.antlr.v4.test.runtime.TestFullContextParsing" time="0.024"/>
  <testcase name="testFullContextIF_THEN_ELSEParse_WithoutDFA_5" classname="org.antlr.v4.test.runtime.TestFullContextParsing" time="0.024"/>
  <testcase name="testFullContextIF_THEN_ELSEParse_WithoutDFA_6" classname="org.antlr.v4.test.runtime.TestFullContextParsing" time="0.025"/>
  <testcase name="testCtxSensitiveDFATwoDiffInputWithoutDFA" classname="org.antlr.v4.test.runtime.TestFullContextParsing" time="0.024"/>
  <testcase name="testAmbigYieldsCtxSensitiveDFA" classname="org.antlr.v4.test.runtime.TestFullContextParsing" time="0.022"/>
  <testcase name="testAmbiguityNoLoop" classname="org.antlr.v4.test.runtime.TestFullContextParsing" time="0.022"/>
  <testcase name="testLoopsSimulateTailRecursion" classname="org.antlr.v4.test.runtime.TestFullContextParsing" time="0.026"/>
  <testcase name="testCtxSensitiveWithDFA_1" classname="org.antlr.v4.test.runtime.TestFullContextParsing" time="0.023"/>
  <testcase name="testCtxSensitiveWithDFA_2" classname="org.antlr.v4.test.runtime.TestFullContextParsing" time="0.024"/>
  <testcase name="testCtxSensitiveDFATwoDiffInputWithDFA" classname="org.antlr.v4.test.runtime.TestFullContextParsing" time="0.023"/>
  <testcase name="testFullContextIF_THEN_ELSEParse_WithDFA_1" classname="org.antlr.v4.test.runtime.TestFullContextParsing" time="0.022"/>
  <testcase name="testFullContextIF_THEN_ELSEParse_WithDFA_2" classname="org.antlr.v4.test.runtime.TestFullContextParsing" time="0.024"/>
  <testcase name="testFullContextIF_THEN_ELSEParse_WithDFA_3" classname="org.antlr.v4.test.runtime.TestFullContextParsing" time="0.023"/>
  <testcase name="testFullContextIF_THEN_ELSEParse_WithDFA_4" classname="org.antlr.v4.test.runtime.TestFullContextParsing" time="0.024"/>
  <testcase name="testFullContextIF_THEN_ELSEParse_WithDFA_5" classname="org.antlr.v4.test.runtime.TestFullContextParsing" time="0.023"/>
  <testcase name="testFullContextIF_THEN_ELSEParse_WithDFA_6" classname="org.antlr.v4.test.runtime.TestFullContextParsing" time="0.02"/>
  <testcase name="testSLLSeesEOFInLLGrammarWithoutDFA" classname="org.antlr.v4.test.runtime.TestFullContextParsing" time="0.019"/>
  <testcase name="testCtxSensitiveWithoutDFA_1" classname="org.antlr.v4.test.runtime.TestFullContextParsing" time="0.02"/>
  <testcase name="testCtxSensitiveWithoutDFA_2" classname="org.antlr.v4.test.runtime.TestFullContextParsing" time="0.019"/>
  <testcase name="testExprAmbiguity_1" classname="org.antlr.v4.test.runtime.TestFullContextParsing" time="0.024"/>
  <testcase name="testExprAmbiguity_2" classname="org.antlr.v4.test.runtime.TestFullContextParsing" time="0.021"/>
  <testcase name="testSLLSeesEOFInLLGrammarWithDFA" classname="org.antlr.v4.test.runtime.TestFullContextParsing" time="0.02"/>
</testsuite>