<?xml version="1.0" encoding="UTF-8"?>
<testsuite xmlns:xsi="http://www.w3.org/2001/XMLSchema-instance" xsi:schemaLocation="https://maven.apache.org/surefire/maven-surefire-plugin/xsd/surefire-test-report.xsd" name="org.antlr.v4.test.runtime.TestParserErrors" time="0.707" tests="34" errors="0" skipped="0" failures="0">
  <properties>
[...]
</properties>
  <testcase name="testSingleTokenDeletionBeforeLoop" classname="org.antlr.v4.test.runtime.TestParserErrors" time="0.03"/>
  <testcase name="testConjuringUpToken" classname="org.antlr.v4.test.runtime.TestParserErrors" time="0.024"/>
  <testcase name="testInvalidEmptyInput" classname="org.antlr.v4.test.runtime.TestParserErrors" time="0.021"/>
  <testcase name="testSingleTokenDeletionBeforeLoop2" classname="org.antlr.v4.test.runtime.TestParserErrors" time="0.02"/>
  <testcase name="testLL2" classname="org.antlr.v4.test.runtime.TestParserErrors" time="0.02"/>
  <testcase name="testLL3" classname="org.antlr.v4.test.runtime.TestParserErrors" time="0.02"/>
  <testcase name="testExtraneousInput" classname="org.antlr.v4.test.runtime.TestParserErrors" time="0.021"/>
  <testcase name="testSingleTokenDeletionConsumption" classname="org.antlr.v4.test.runtime.TestParserErrors" time="0.021"/>
  <testcase name="testSingleTokenDeletionExpectingSet" classname="org.antlr.v4.test.runtime.TestParserErrors" time="0.019"/>
  <testcase name="testSingleSetInsertion" classname="org.antlr.v4.test.runtime.TestParserErrors" time="0.019"/>
  <testcase name="testSingleTokenDeletionDuringLoop2" classname="org.antlr.v4.test.runtime.TestParserErrors" time="0.02"/>
  <testcase name="testMultiTokenDeletionDuringLoop" classname="org.antlr.v4.test.runtime.TestParserErrors" time="0.021"/>
  <testcase name="testTokenMismatch" classname="org.antlr.v4.test.runtime.TestParserErrors" time="0.02"/>
  <testcase name="testConjuringUpTokenFromSet" classname="org.antlr.v4.test.runtime.TestParserErrors" time="0.019"/>
  <testcase name="testLL1ErrorInfo" classname="org.antlr.v4.test.runtime.TestParserErrors" time="0.022"/>
  <testcase name="testMultiTokenDeletionBeforeLoop" classname="org.antlr.v4.test.runtime.TestParserErrors" time="0.018"/>
  <testcase name="testContextListGetters" classname="org.antlr.v4.test.runtime.TestParserErrors" time="0.019"/>
  <testcase name="testTokenMismatch2" classname="org.antlr.v4.test.runtime.TestParserErrors" time="0.02"/>
  <testcase name="testTokenMismatch3" classname="org.antlr.v4.test.runtime.TestParserErrors" time="0.027"/>
  <testcase name="testSingleTokenDeletionBeforePredict" classname="org.antlr.v4.test.runtime.TestParserErrors" time="0.019"/>
  <testcase name="testSingleTokenDeletion" classname="org.antlr.v4.test.runtime.TestParserErrors" time="0.019"/>
  <testcase name="testMultiTokenDeletionBeforeLoop2" classname="org.antlr.v4.test.runtime.TestParserErrors" time="0.019"/>
  <testcase name="testDuplicatedLeftRecursiveCall_1" classname="org.antlr.v4.test.runtime.TestParserErrors" time="0.028"/>
  <testcase name="testDuplicatedLeftRecursiveCall_2" classname="org.antlr.v4.test.runtime.TestParserErrors" time="0.025"/>
  <testcase name="testDuplicatedLeftRecursiveCall_3" classname="org.antlr.v4.test.runtime.TestParserErrors" time="0.024"/>
  <testcase name="testDuplicatedLeftRecursiveCall_4" classname="org.antlr.v4.test.runtime.TestParserErrors" time="0.023"/>
  <testcase name="testSingleSetInsertionConsumption" classname="org.antlr.v4.test.runtime.TestParserErrors" time="0.019"/>
  <testcase name="testMultiTokenDeletionDuringLoop2" classname="org.antlr.v4.test.runtime.TestParserErrors" time="0.019"/>
  <testcase name="testInvalidATNStateRemoval" classname="org.antlr.v4.test.runtime.TestParserErrors" time="0.024"/>
  <testcase name="testLLStar" classname="org.antlr.v4.test.runtime.TestParserErrors" time="0.019"/>
  <testcase name="testNoViableAltAvoidance" classname="org.antlr.v4.test.runtime.TestParserErrors" time="0.02"/>
  <testcase name="testSingleTokenDeletionDuringLoop" classname="org.antlr.v4.test.runtime.TestParserErrors" time="0.016"/>
  <testcase name="testSingleTokenDeletionBeforeAlt" classname="org.antlr.v4.test.runtime.TestParserErrors" time="0.015"/>
  <testcase name="testSingleTokenInsertion" classname="org.antlr.v4.test.runtime.TestParserErrors" time="0.015"/>
</testsuite>