<?xml version="1.0" encoding="UTF-8"?>
<testsuite xmlns:xsi="http://www.w3.org/2001/XMLSchema-instance" xsi:schemaLocation="https://maven.apache.org/surefire/maven-surefire-plugin/xsd/surefire-test-report.xsd" name="org.antlr.v4.test.runtime.TestSets" time="1.542" tests="32" errors="0" skipped="0" failures="0">
  <properties>
[...]
</properties>
  <testcase name="testUnicodeEscapedBMPSet" classname="org.antlr.v4.test.runtime.TestSets" time="0.327"/>
  <testcase name="testUnicodeEscapedSMPRangeSet" classname="org.antlr.v4.test.runtime.TestSets" time="0.085"/>
  <testcase name="testStarLexerSingleElement_1" classname="org.antlr.v4.test.runtime.TestSets" time="0.064"/>
  <testcase name="testStarLexerSingleElement_2" classname="org.antlr.v4.test.runtime.TestSets" time="0.056"/>
  <testcase name="testPlusLexerSingleElement" classname="org.antlr.v4.test.runtime.TestSets" time="0.06"/>
  <testcase name="testRuleAsSet" classname="org.antlr.v4.test.runtime.TestSets" time="0.059"/>
  <testcase name="testUnicodeEscapedSMPSet" classname="org.antlr.v4.test.runtime.TestSets" time="0.044"/>
  <testcase name="testNotCharSetWithLabel" classname="org.antlr.v4.test.runtime.TestSets" time="0.04"/>
  <testcase name="testUnicodeEscapedBMPRangeSet" classname="org.antlr.v4.test.runtime.TestSets" time="0.047"/>
  <testcase name="testNotCharSet" classname="org.antlr.v4.test.runtime.TestSets" time="0.029"/>
  <testcase name="testUnicodeUnescapedBMPSet" classname="org.antlr.v4.test.runtime.TestSets" time="0.032"/>
  <testcase name="testParserSet" classname="org.antlr.v4.test.runtime.TestSets" time="0.032"/>
  <testcase name="testOptionalSet" classname="org.antlr.v4.test.runtime.TestSets" time="0.044"/>
  <testcase name="testLexerPlusSet" classname="org.antlr.v4.test.runtime.TestSets" time="0.04"/>
  <testcase name="testPlusSet" classname="org.antlr.v4.test.runtime.TestSets" time="0.041"/>
  <testcase name="testParserNotToken" classname="org.antlr.v4.test.runtime.TestSets" time="0.042"/>
  <testcase name="testParserNotTokenWithLabel" classname="org.antlr.v4.test.runtime.TestSets" time="0.041"/>
  <testcase name="testComplementSet" classname="org.antlr.v4.test.runtime.TestSets" time="0.036"/>
  <testcase name="testNotCharSetWithRuleRef3" classname="org.antlr.v4.test.runtime.TestSets" time="0.037"/>
  <testcase name="testLexerOptionalSet" classname="org.antlr.v4.test.runtime.TestSets" time="0.035"/>
  <testcase name="testUnicodeEscapedSMPRangeSetMismatch" classname="org.antlr.v4.test.runtime.TestSets" time="0.036"/>
  <testcase name="testUnicodeNegatedSMPSetIncludesBMPCodePoints" classname="org.antlr.v4.test.runtime.TestSets" time="0.031"/>
  <testcase name="testUnicodeNegatedBMPSetIncludesSMPCodePoints" classname="org.antlr.v4.test.runtime.TestSets" time="0.022"/>
  <testcase name="testUnicodeUnescapedBMPRangeSet" classname="org.antlr.v4.test.runtime.TestSets" time="0.022"/>
  <testcase name="testOptionalSingleElement" classname="org.antlr.v4.test.runtime.TestSets" time="0.022"/>
  <testcase name="testOptionalLexerSingleElement" classname="org.antlr.v4.test.runtime.TestSets" time="0.026"/>
  <testcase name="testSeqDoesNotBecomeSet" classname="org.antlr.v4.test.runtime.TestSets" time="0.029"/>
  <testcase name="testCharSetLiteral" classname="org.antlr.v4.test.runtime.TestSets" time="0.026"/>
  <testcase name="testNotChar" classname="org.antlr.v4.test.runtime.TestSets" time="0.023"/>
  <testcase name="testLexerStarSet" classname="org.antlr.v4.test.runtime.TestSets" time="0.022"/>
  <testcase name="testStarSet" classname="org.antlr.v4.test.runtime.TestSets" time="0.021"/>
  <testcase name="testParserNotSet" classname="org.antlr.v4.test.runtime.TestSets" time="0.023"/>
</testsuite>